mode: set
url-shortener/cmd/url-shortener/main.go:28.13,36.16 6 0
url-shortener/cmd/url-shortener/main.go:36.16,39.3 2 0
url-shortener/cmd/url-shortener/main.go:40.2,47.42 7 0
url-shortener/cmd/url-shortener/main.go:47.42,54.3 3 0
url-shortener/cmd/url-shortener/main.go:56.2,67.86 4 0
url-shortener/cmd/url-shortener/main.go:67.86,69.3 1 0
url-shortener/cmd/url-shortener/main.go:71.2,71.30 1 0
url-shortener/cmd/url-shortener/main.go:75.43,77.13 2 0
url-shortener/cmd/url-shortener/main.go:78.16,79.26 1 0
url-shortener/cmd/url-shortener/main.go:81.14,84.4 1 0
url-shortener/cmd/url-shortener/main.go:86.15,89.4 1 0
url-shortener/cmd/url-shortener/main.go:92.2,92.12 1 0
url-shortener/cmd/url-shortener/main.go:95.37,105.2 3 0
url-shortener/internal/config/config.go:24.31,26.22 2 1
url-shortener/internal/config/config.go:26.22,28.3 1 0
url-shortener/internal/config/config.go:31.2,31.55 1 1
url-shortener/internal/config/config.go:31.55,33.3 1 0
url-shortener/internal/config/config.go:35.2,37.62 2 1
url-shortener/internal/config/config.go:37.62,39.3 1 0
url-shortener/internal/config/config.go:41.2,41.13 1 1
url-shortener/internal/http-server/handlers/redirect/mocks/URLGetter.go:16.19,20.19 3 0
url-shortener/internal/http-server/handlers/redirect/mocks/URLGetter.go:20.19,20.49 1 0
url-shortener/internal/http-server/handlers/redirect/mocks/URLGetter.go:22.2,22.13 1 0
url-shortener/internal/http-server/handlers/redirect/mocks/URLGetter.go:34.59,36.2 1 0
url-shortener/internal/http-server/handlers/redirect/mocks/URLGetter.go:39.66,42.19 2 0
url-shortener/internal/http-server/handlers/redirect/mocks/URLGetter.go:42.19,43.48 1 0
url-shortener/internal/http-server/handlers/redirect/mocks/URLGetter.go:46.2,48.69 3 0
url-shortener/internal/http-server/handlers/redirect/mocks/URLGetter.go:48.69,50.3 1 0
url-shortener/internal/http-server/handlers/redirect/mocks/URLGetter.go:51.2,51.60 1 0
url-shortener/internal/http-server/handlers/redirect/mocks/URLGetter.go:51.60,53.3 1 0
url-shortener/internal/http-server/handlers/redirect/mocks/URLGetter.go:53.8,55.3 1 0
url-shortener/internal/http-server/handlers/redirect/mocks/URLGetter.go:56.2,56.59 1 0
url-shortener/internal/http-server/handlers/redirect/mocks/URLGetter.go:56.59,58.3 1 0
url-shortener/internal/http-server/handlers/redirect/mocks/URLGetter.go:58.8,60.3 1 0
url-shortener/internal/http-server/handlers/redirect/mocks/URLGetter.go:61.2,61.15 1 0
url-shortener/internal/http-server/handlers/redirect/mocks/URLGetter.go:71.88,73.2 1 0
url-shortener/internal/http-server/handlers/redirect/mocks/URLGetter.go:75.93,76.40 1 0
url-shortener/internal/http-server/handlers/redirect/mocks/URLGetter.go:76.40,78.21 2 0
url-shortener/internal/http-server/handlers/redirect/mocks/URLGetter.go:78.21,80.4 1 0
url-shortener/internal/http-server/handlers/redirect/mocks/URLGetter.go:81.3,83.4 1 0
url-shortener/internal/http-server/handlers/redirect/mocks/URLGetter.go:85.2,85.11 1 0
url-shortener/internal/http-server/handlers/redirect/mocks/URLGetter.go:88.93,91.2 2 0
url-shortener/internal/http-server/handlers/redirect/mocks/URLGetter.go:93.118,96.2 2 0
url-shortener/internal/http-server/handlers/url/delete/mocks/URLRemover.go:16.20,20.19 3 0
url-shortener/internal/http-server/handlers/url/delete/mocks/URLRemover.go:20.19,20.49 1 0
url-shortener/internal/http-server/handlers/url/delete/mocks/URLRemover.go:22.2,22.13 1 0
url-shortener/internal/http-server/handlers/url/delete/mocks/URLRemover.go:34.61,36.2 1 0
url-shortener/internal/http-server/handlers/url/delete/mocks/URLRemover.go:39.60,42.19 2 0
url-shortener/internal/http-server/handlers/url/delete/mocks/URLRemover.go:42.19,43.51 1 0
url-shortener/internal/http-server/handlers/url/delete/mocks/URLRemover.go:46.2,47.59 2 0
url-shortener/internal/http-server/handlers/url/delete/mocks/URLRemover.go:47.59,49.3 1 0
url-shortener/internal/http-server/handlers/url/delete/mocks/URLRemover.go:49.8,51.3 1 0
url-shortener/internal/http-server/handlers/url/delete/mocks/URLRemover.go:52.2,52.11 1 0
url-shortener/internal/http-server/handlers/url/delete/mocks/URLRemover.go:62.96,64.2 1 0
url-shortener/internal/http-server/handlers/url/delete/mocks/URLRemover.go:66.101,67.40 1 0
url-shortener/internal/http-server/handlers/url/delete/mocks/URLRemover.go:67.40,69.21 2 0
url-shortener/internal/http-server/handlers/url/delete/mocks/URLRemover.go:69.21,71.4 1 0
url-shortener/internal/http-server/handlers/url/delete/mocks/URLRemover.go:72.3,74.4 1 0
url-shortener/internal/http-server/handlers/url/delete/mocks/URLRemover.go:76.2,76.11 1 0
url-shortener/internal/http-server/handlers/url/delete/mocks/URLRemover.go:79.91,82.2 2 0
url-shortener/internal/http-server/handlers/url/delete/mocks/URLRemover.go:84.116,87.2 2 0
url-shortener/internal/http-server/handlers/url/delete/delete.go:21.68,22.54 1 1
url-shortener/internal/http-server/handlers/url/delete/delete.go:22.54,32.18 4 1
url-shortener/internal/http-server/handlers/url/delete/delete.go:32.18,38.4 3 0
url-shortener/internal/http-server/handlers/url/delete/delete.go:40.3,42.45 2 1
url-shortener/internal/http-server/handlers/url/delete/delete.go:42.45,49.4 3 1
url-shortener/internal/http-server/handlers/url/delete/delete.go:50.3,50.17 1 1
url-shortener/internal/http-server/handlers/url/delete/delete.go:50.17,56.4 3 1
url-shortener/internal/http-server/handlers/url/delete/delete.go:58.3,60.38 2 1
url-shortener/internal/http-server/handlers/redirect/redirect.go:21.66,22.54 1 1
url-shortener/internal/http-server/handlers/redirect/redirect.go:22.54,32.18 4 1
url-shortener/internal/http-server/handlers/redirect/redirect.go:32.18,38.4 3 0
url-shortener/internal/http-server/handlers/redirect/redirect.go:40.3,42.45 2 1
url-shortener/internal/http-server/handlers/redirect/redirect.go:42.45,49.4 3 0
url-shortener/internal/http-server/handlers/redirect/redirect.go:50.3,50.17 1 1
url-shortener/internal/http-server/handlers/redirect/redirect.go:50.17,56.4 3 0
url-shortener/internal/http-server/handlers/redirect/redirect.go:58.3,60.48 2 1
url-shortener/internal/lib/api/response/response.go:20.20,24.2 1 0
url-shortener/internal/lib/api/response/response.go:25.33,30.2 1 0
url-shortener/internal/lib/api/response/response.go:32.64,34.27 2 0
url-shortener/internal/lib/api/response/response.go:34.27,35.26 1 0
url-shortener/internal/lib/api/response/response.go:36.19,37.79 1 0
url-shortener/internal/lib/api/response/response.go:38.14,39.74 1 0
url-shortener/internal/lib/api/response/response.go:40.11,41.80 1 0
url-shortener/internal/lib/api/response/response.go:44.2,47.3 1 0
url-shortener/internal/lib/logger/sl/sl.go:5.31,10.2 1 0
url-shortener/internal/http-server/handlers/url/save/mocks/URLSaver.go:16.18,20.19 3 0
url-shortener/internal/http-server/handlers/url/save/mocks/URLSaver.go:20.19,20.49 1 0
url-shortener/internal/http-server/handlers/url/save/mocks/URLSaver.go:22.2,22.13 1 0
url-shortener/internal/http-server/handlers/url/save/mocks/URLSaver.go:34.57,36.2 1 0
url-shortener/internal/http-server/handlers/url/save/mocks/URLSaver.go:39.83,42.19 2 0
url-shortener/internal/http-server/handlers/url/save/mocks/URLSaver.go:42.19,43.49 1 0
url-shortener/internal/http-server/handlers/url/save/mocks/URLSaver.go:46.2,48.76 3 0
url-shortener/internal/http-server/handlers/url/save/mocks/URLSaver.go:48.76,50.3 1 0
url-shortener/internal/http-server/handlers/url/save/mocks/URLSaver.go:51.2,51.67 1 0
url-shortener/internal/http-server/handlers/url/save/mocks/URLSaver.go:51.67,53.3 1 0
url-shortener/internal/http-server/handlers/url/save/mocks/URLSaver.go:53.8,55.3 1 0
url-shortener/internal/http-server/handlers/url/save/mocks/URLSaver.go:56.2,56.67 1 0
url-shortener/internal/http-server/handlers/url/save/mocks/URLSaver.go:56.67,58.3 1 0
url-shortener/internal/http-server/handlers/url/save/mocks/URLSaver.go:58.8,60.3 1 0
url-shortener/internal/http-server/handlers/url/save/mocks/URLSaver.go:61.2,61.15 1 0
url-shortener/internal/http-server/handlers/url/save/mocks/URLSaver.go:72.111,74.2 1 0
url-shortener/internal/http-server/handlers/url/save/mocks/URLSaver.go:76.111,77.40 1 0
url-shortener/internal/http-server/handlers/url/save/mocks/URLSaver.go:77.40,79.21 2 0
url-shortener/internal/http-server/handlers/url/save/mocks/URLSaver.go:79.21,81.4 1 0
url-shortener/internal/http-server/handlers/url/save/mocks/URLSaver.go:82.3,83.21 2 0
url-shortener/internal/http-server/handlers/url/save/mocks/URLSaver.go:83.21,85.4 1 0
url-shortener/internal/http-server/handlers/url/save/mocks/URLSaver.go:86.3,89.4 1 0
url-shortener/internal/http-server/handlers/url/save/mocks/URLSaver.go:91.2,91.11 1 0
url-shortener/internal/http-server/handlers/url/save/mocks/URLSaver.go:94.92,97.2 2 0
url-shortener/internal/http-server/handlers/url/save/mocks/URLSaver.go:99.135,102.2 2 0
url-shortener/internal/lib/random/random.go:8.41,14.19 4 0
url-shortener/internal/lib/random/random.go:14.19,16.3 1 0
url-shortener/internal/lib/random/random.go:18.2,18.18 1 0
url-shortener/internal/http-server/middleware/logger.go:11.65,12.46 1 0
url-shortener/internal/http-server/middleware/logger.go:12.46,19.54 3 0
url-shortener/internal/http-server/middleware/logger.go:19.54,30.17 4 0
url-shortener/internal/http-server/middleware/logger.go:30.17,36.5 1 0
url-shortener/internal/http-server/middleware/logger.go:38.4,38.25 1 0
url-shortener/internal/http-server/middleware/logger.go:41.3,41.30 1 0
url-shortener/internal/lib/api/api.go:13.46,17.69 2 0
url-shortener/internal/lib/api/api.go:17.69,19.4 1 0
url-shortener/internal/lib/api/api.go:22.2,23.16 2 0
url-shortener/internal/lib/api/api.go:23.16,25.3 1 0
url-shortener/internal/lib/api/api.go:26.2,26.15 1 0
url-shortener/internal/lib/api/api.go:26.15,26.40 1 0
url-shortener/internal/lib/api/api.go:28.2,28.41 1 0
url-shortener/internal/lib/api/api.go:28.41,30.3 1 0
url-shortener/internal/lib/api/api.go:32.2,32.41 1 0
url-shortener/internal/lib/logger/handlers/slogpretty/slogpretty.go:26.18,33.2 2 0
url-shortener/internal/lib/logger/handlers/slogpretty/slogpretty.go:35.72,38.17 2 0
url-shortener/internal/lib/logger/handlers/slogpretty/slogpretty.go:39.23,40.37 1 0
url-shortener/internal/lib/logger/handlers/slogpretty/slogpretty.go:41.22,42.34 1 0
url-shortener/internal/lib/logger/handlers/slogpretty/slogpretty.go:43.22,44.36 1 0
url-shortener/internal/lib/logger/handlers/slogpretty/slogpretty.go:45.23,46.33 1 0
url-shortener/internal/lib/logger/handlers/slogpretty/slogpretty.go:49.2,51.33 2 0
url-shortener/internal/lib/logger/handlers/slogpretty/slogpretty.go:51.33,55.3 2 0
url-shortener/internal/lib/logger/handlers/slogpretty/slogpretty.go:57.2,57.28 1 0
url-shortener/internal/lib/logger/handlers/slogpretty/slogpretty.go:57.28,59.3 1 0
url-shortener/internal/lib/logger/handlers/slogpretty/slogpretty.go:61.2,64.21 3 0
url-shortener/internal/lib/logger/handlers/slogpretty/slogpretty.go:64.21,66.17 2 0
url-shortener/internal/lib/logger/handlers/slogpretty/slogpretty.go:66.17,68.4 1 0
url-shortener/internal/lib/logger/handlers/slogpretty/slogpretty.go:71.2,81.12 4 0
url-shortener/internal/lib/logger/handlers/slogpretty/slogpretty.go:84.67,90.2 1 0
url-shortener/internal/lib/logger/handlers/slogpretty/slogpretty.go:92.61,98.2 1 0
url-shortener/internal/storage/sqllite/sqllite.go:17.48,21.16 3 0
url-shortener/internal/storage/sqllite/sqllite.go:21.16,23.3 1 0
url-shortener/internal/storage/sqllite/sqllite.go:25.2,32.16 2 0
url-shortener/internal/storage/sqllite/sqllite.go:32.16,34.3 1 0
url-shortener/internal/storage/sqllite/sqllite.go:35.2,36.16 2 0
url-shortener/internal/storage/sqllite/sqllite.go:36.16,38.3 1 0
url-shortener/internal/storage/sqllite/sqllite.go:40.2,40.30 1 0
url-shortener/internal/storage/sqllite/sqllite.go:42.74,46.16 3 0
url-shortener/internal/storage/sqllite/sqllite.go:46.16,48.3 1 0
url-shortener/internal/storage/sqllite/sqllite.go:50.2,51.16 2 0
url-shortener/internal/storage/sqllite/sqllite.go:51.16,53.104 1 0
url-shortener/internal/storage/sqllite/sqllite.go:53.104,55.4 1 0
url-shortener/internal/storage/sqllite/sqllite.go:57.3,57.42 1 0
url-shortener/internal/storage/sqllite/sqllite.go:59.2,60.16 2 0
url-shortener/internal/storage/sqllite/sqllite.go:60.16,62.3 1 0
url-shortener/internal/storage/sqllite/sqllite.go:64.2,64.16 1 0
url-shortener/internal/storage/sqllite/sqllite.go:67.56,71.16 3 0
url-shortener/internal/storage/sqllite/sqllite.go:71.16,73.3 1 0
url-shortener/internal/storage/sqllite/sqllite.go:74.2,76.35 3 0
url-shortener/internal/storage/sqllite/sqllite.go:76.35,78.3 1 0
url-shortener/internal/storage/sqllite/sqllite.go:79.2,79.16 1 0
url-shortener/internal/storage/sqllite/sqllite.go:79.16,81.3 1 0
url-shortener/internal/storage/sqllite/sqllite.go:82.2,82.17 1 0
url-shortener/internal/storage/sqllite/sqllite.go:85.49,89.16 3 0
url-shortener/internal/storage/sqllite/sqllite.go:89.16,92.3 1 0
url-shortener/internal/storage/sqllite/sqllite.go:93.2,94.16 2 0
url-shortener/internal/storage/sqllite/sqllite.go:94.16,96.3 1 0
url-shortener/internal/storage/sqllite/sqllite.go:97.2,98.16 2 0
url-shortener/internal/storage/sqllite/sqllite.go:98.16,100.3 1 0
url-shortener/internal/storage/sqllite/sqllite.go:101.2,101.23 1 0
url-shortener/internal/storage/sqllite/sqllite.go:101.23,103.3 1 0
url-shortener/internal/storage/sqllite/sqllite.go:104.2,104.12 1 0
url-shortener/internal/lib/logger/handlers/slogdiscard/slogdiscard.go:9.38,11.2 1 0
url-shortener/internal/lib/logger/handlers/slogdiscard/slogdiscard.go:15.42,17.2 1 0
url-shortener/internal/lib/logger/handlers/slogdiscard/slogdiscard.go:19.73,21.2 1 0
url-shortener/internal/lib/logger/handlers/slogdiscard/slogdiscard.go:23.64,25.2 1 0
url-shortener/internal/lib/logger/handlers/slogdiscard/slogdiscard.go:27.59,29.2 1 0
url-shortener/internal/lib/logger/handlers/slogdiscard/slogdiscard.go:31.72,33.2 1 0
url-shortener/internal/http-server/handlers/url/save/save.go:36.64,37.54 1 1
url-shortener/internal/http-server/handlers/url/save/save.go:37.54,48.17 5 1
url-shortener/internal/http-server/handlers/url/save/save.go:48.17,54.4 3 0
url-shortener/internal/http-server/handlers/url/save/save.go:56.3,58.53 2 1
url-shortener/internal/http-server/handlers/url/save/save.go:58.53,66.4 4 1
url-shortener/internal/http-server/handlers/url/save/save.go:68.3,69.18 2 1
url-shortener/internal/http-server/handlers/url/save/save.go:69.18,71.4 1 1
url-shortener/internal/http-server/handlers/url/save/save.go:73.3,74.43 2 1
url-shortener/internal/http-server/handlers/url/save/save.go:74.43,80.4 3 0
url-shortener/internal/http-server/handlers/url/save/save.go:81.3,81.17 1 1
url-shortener/internal/http-server/handlers/url/save/save.go:81.17,86.4 3 1
url-shortener/internal/http-server/handlers/url/save/save.go:87.3,89.26 2 1
url-shortener/internal/http-server/handlers/url/save/save.go:94.71,100.2 1 1
url-shortener/tools/coverfilter/main.go:10.13,12.21 2 0
url-shortener/tools/coverfilter/main.go:12.21,14.26 2 0
url-shortener/tools/coverfilter/main.go:14.26,16.4 1 0
url-shortener/tools/coverfilter/main.go:20.37,22.40 1 0
url-shortener/tools/coverfilter/main.go:22.40,24.3 1 0
url-shortener/tools/coverfilter/main.go:27.2,33.39 2 0
url-shortener/tools/coverfilter/main.go:33.39,34.37 1 0
url-shortener/tools/coverfilter/main.go:34.37,36.4 1 0
url-shortener/tools/coverfilter/main.go:39.2,39.14 1 0
